<?xml version="1.0" encoding="UTF-8"?>
<testsuite xmlns:xsi="http://www.w3.org/2001/XMLSchema-instance" xsi:noNamespaceSchemaLocation="https://maven.apache.org/surefire/maven-surefire-plugin/xsd/surefire-test-report-3.0.xsd" version="3.0" name="com.google.Part2Test" time="0.14" tests="20" errors="0" skipped="0" failures="0">
  <properties>
[...]
</properties>
  <testcase name="showPlaylistAfterRemoveAVideoFromPlaylistThenReAdd" classname="com.google.Part2Test" time="0.015"/>
  <testcase name="testDeletePlaylist" classname="com.google.Part2Test" time="0"/>
  <testcase name="testClearPlaylist" classname="com.google.Part2Test" time="0"/>
  <testcase name="testClearPlaylistNonexistent" classname="com.google.Part2Test" time="0"/>
  <testcase name="testShowAllPlaylistsNoPlaylistsExist" classname="com.google.Part2Test" time="0"/>
  <testcase name="testAddVideoToPlaylistNonExistentVideo" classname="com.google.Part2Test" time="0"/>
  <testcase name="testRemoveFromPlaylistNonexistentVideo" classname="com.google.Part2Test" time="0"/>
  <testcase name="testAddToPlaylist" classname="com.google.Part2Test" time="0"/>
  <testcase name="testAddVideoToPlaylistNonExistent" classname="com.google.Part2Test" time="0.015"/>
  <testcase name="testRemoveFromPlaylist" classname="com.google.Part2Test" time="0"/>
  <testcase name="testAddToPlaylistAlreadyAdded" classname="com.google.Part2Test" time="0"/>
  <testcase name="testCreateExistingPlaylist" classname="com.google.Part2Test" time="0.016"/>
  <testcase name="testShowPlaylistNonExistent" classname="com.google.Part2Test" time="0"/>
  <testcase name="testRemoveFromPlaylistVideoNotInPlaylist" classname="com.google.Part2Test" time="0"/>
  <testcase name="testShowAllPlaylists" classname="com.google.Part2Test" time="0.016"/>
  <testcase name="testAddVideoToPlaylistNoVideoNoPlaylist" classname="com.google.Part2Test" time="0"/>
  <testcase name="testCreatePlaylist" classname="com.google.Part2Test" time="0"/>
  <testcase name="testDeletePlaylistNonexistent" classname="com.google.Part2Test" time="0.015"/>
  <testcase name="testRemoveFromPlaylistNonexistentPlaylist" classname="com.google.Part2Test" time="0"/>
  <testcase name="testShowPlaylist" classname="com.google.Part2Test" time="0"/>
</testsuite>